************************************************
insert into crawler_video (crawler_video_id,title,category,country,image_url,video_link,description) values ('NULL','Vùng Đất Không Yên Tĩnh (22/40)','Phim Bộ','Việt Nam','http://site4image.com/out.php/i10939_vdkyt.jpg','http://www.hopphim.com/phim-bo/viet-nam/vung-dat-khong-yen-tinh','Bộ phim xoay quanh cuộc sống yên bình của người dân 2 bên bờ sông Huỳnh thuộc \r\nvùng châu thổ Khánh Ninh.')
Duplicate entry 'Vùng Đất Không Yên Tĩnh (22/40)' for key 'title'
************************************************

************************************************
insert into crawler_video (crawler_video_id,title,category,country,image_url,video_link,description) values ('NULL','Vũ Khí Sắc Đẹp (01/30)','Phim Bộ','Việt Nam','http://site4image.com/out.php/i11272_97258851061265306667.jpg','http://www.hopphim.com/phim-bo/viet-nam/vu-khi-sac-dep','Chuyện phim được bắt đầu vào một đêm mưa gió, cô bé Quỳnh Lan 15 tuổi bị \r\nngười cha dượng sàm sỡ nên phải bỏ chạy khỏi nhà trong đêm tối. 5 năm sau, Quỳnh \r\nLan đang bán hàng cho một cửa hàng hoa thì gặp ông Đại, ông hứa giúp cô một công \r\nviệc tốt hơn. Trải qua một thời gian dài phấn đấu, cô trở thành trưởng phòng \r\nMarketing của công ty Đại Phát, chuyên xây dựng và môi giới nhà đất do ông Đại \r\nlàm giám đốc.')
Duplicate entry 'Vũ Khí Sắc Đẹp (01/30)' for key 'title'
************************************************

************************************************
insert into crawler_video (crawler_video_id,title,category,country,image_url,video_link,description) values ('NULL','Nữ Quyền Bảo Chi Lâm - Grace Under Fire (Uslt 04 /32 +  Tm DVD 06/06 + Eng sub 32/32 - 2011)','Phim Bộ','Hong Kong','http://site4image.com/out.php/i11010_graceunderfire.jpg','http://www.hopphim.com/phim-bo/hong-kong/grace-under-fire','Grace Under Fire is a 2011 Hong Kong martial arts television drama. It premiered \r\non on 7 March 2011 on Hong Kong\'s TVB Jade and TVB HD Jade channels, and is \r\nslated to run for 32 episodes. Produced by Marco Law, Grace Under Fire is a \r\nTelevision Broadcasts Limited (TVB) production. It takes place in the early \r\n1920s in Foshan and Guangzhou during the Republic of China era, and follows a \r\nfictional account of Mok Kwai-lan (portrayed by Liu Xuan), the last wife of \r\nChinese martial arts folk hero Wong Fei-hung')
Duplicate entry 'Nữ Quyền Bảo Chi Lâm - Grace Under Fire (Uslt 04 /32 +  T' for key 'title'
************************************************

************************************************
insert into crawler_video (crawler_video_id,title,category,country,image_url,video_link,description) values ('NULL','All My Love (Vsub 100/100)','Phim Bộ','Hàn Quốc','http://site4image.com/out.php/i10518_9791296678988.jpg','http://www.hopphim.com/phim-bo/han-quoc/all-my-love','')
Duplicate entry 'All My Love (Vsub 100/100)' for key 'title'
************************************************

************************************************
insert into crawler_video (crawler_video_id,title,category,country,image_url,video_link,description) values ('NULL','Tình Xưa Nghĩa Cũ - Wife Returns - Anaega Dolawatda (Uslt 116/116)','Phim Bộ','Hàn Quốc','http://site4image.com/out.php/i10955_tinhxuanghiacu.jpg','http://www.hopphim.com/phim-bo/han-quoc/tinh-xua-nghia-cu-wife-returns','Jung Yoo Hee married the love of her \r\nlife, Yoon Sang Woo. However, his mother despised Yoo Hee and forced her to \r\nleave Sang Woo and their young daughter. Years later, Yoo Hee returns and meets \r\nher daughter. However, Sang Woo’s new wife, Seo Hyun, is not willing to be \r\npushed aside. Yoo Hee disappears without a trace. Her younger sister, Yoo Kyung, \r\nwho was adopted abroad is determined to find out what happened to her sister. \r\nShe keeps up false pretenses and pretends to be Yoo Hee.\r\n&nbsp;')
Duplicate entry 'Tình Xưa Nghĩa Cũ - Wife Returns - Anaega Dolawatda (Uslt 11' for key 'title'
************************************************

************************************************
insert into crawler_video (crawler_video_id,title,category,country,image_url,video_link,description) values ('NULL','Hikari to Tomo ni (Engsub 11/11)','Phim Bộ','Nhật Bản','http://site4image.com/out.php/i11270_9.jpg','http://www.hopphim.com/phim-bo/nhat-ban/hikari-to-tomo-ni-','Hikari to Tomo ni Sachiko and Masato Azuma, in their 4th year of marriage, had been so excited about the birth of their long-waited first child. They named their baby boy “Hikaru” (meaning light in Japanese). Nobody doubted that the birth of their precious son Hikaru would bring great happiness to the Azumas’ family life. Until one day, Sachiko noticed that there was something different about Hikaru. This heartwarming drama is a story about family. Hikaru’s mother goes through so many difficulties raising her autistic son, sometimes so overwhelmed that she doesn’t know what to do. Then at Hikaru’s school, with the help of one very special teacher, Rio-sensei, she learns to deal with her son’s autism and think positive about her family life. Her story will touch the heart of all mothers with young children, mothers who have brought up young children, as well as woman who will be mothers in the future. –NTV')
Duplicate entry 'Hikari to Tomo ni (Engsub 11/11)' for key 'title'
************************************************

************************************************
insert into crawler_video (crawler_video_id,title,category,country,image_url,video_link,description) values ('NULL','Hataraki Man (Engsub 11/11)','Phim Bộ','Nhật Bản','http://site4image.com/out.php/i11269_imgHatarakiMan608event1.jpg','http://www.hopphim.com/phim-bo/nhat-ban/hataraki-man-','Hataraki Man Matsukata Hiroko is a super busy magazine editor. Just like any other 28-year-old woman, she enjoys going on dates with her boyfriend, fashion and her private life. But once she turns her switch into working mode, she sacrifices all that and dedicates her life to her job. That’s when her colleagues refer to her as the Hataraki Man (working man). Her success at work however doesn’t give her total satisfaction. –NTV')
Duplicate entry 'Hataraki Man (Engsub 11/11)' for key 'title'
************************************************

************************************************
insert into crawler_video (crawler_video_id,title,category,country,image_url,video_link,description) values ('NULL','Hatachi No Koibito (Engsub 10/10)','Phim Bộ','Nhật Bản','http://site4image.com/out.php/i11268_Hatachinokoibito.jpg','http://www.hopphim.com/phim-bo/nhat-ban/hatachi-no-koibito-','Hatachi No Koibito Hatachi no Koibito tells the story of Inoue Keisuke, a married salaryman. At the age of 50, he begins thinking about his purpose in life. By chance, he encounters Sawada Yuri, a 20-year-old graphic design student full of hopes and dreams for the future. Because of her resemblance to his girlfriend from long ago, he finds his heart unexpectedly beating faster…')
Duplicate entry 'Hatachi No Koibito (Engsub 10/10)' for key 'title'
************************************************

************************************************
insert into crawler_video (crawler_video_id,title,category,country,image_url,video_link,description) values ('NULL','Haruka 17 (Engsub 10/10)','Phim Bộ','Nhật Bản','http://site4image.com/out.php/i11267_haruka17119.jpg','http://www.hopphim.com/phim-bo/nhat-ban/haruka-17-','Haruka is a bright and earnest 22- year-old college graduate looking for a job. \r\nShe soon finds herself in a pinch and ends up taking a job as a manager at a \r\ntalent agency. The only problem? Instead of working with clients, she ends up \r\nbecoming one. And if that weren’t enough, she’s asked to pose as a 17-year-old. \r\nAlthough Haruka was puzzled and confused by such unexpected situation, she \r\ngradually discovers the hidden talent and attraction in herself and aims \r\nseriously to become a genuine idol! A success story about a young lady who \r\nrealizes the “real” side of herself with the support of the unique people \r\nsorrounding her. –TV')
Duplicate entry 'Haruka 17 (Engsub 10/10)' for key 'title'
************************************************

************************************************
insert into crawler_video (crawler_video_id,title,category,country,image_url,video_link,description) values ('NULL','Hanazakari no Kimitachi e (Engsub 12/12)','Phim Bộ','Nhật Bản','http://site4image.com/out.php/i11266_HanazakarinoKimitachieban.jpg','http://www.hopphim.com/phim-bo/nhat-ban/hanazakari-no-kimitachi-e-','Based on a popular comic, this hilarious comedy follows the chaos, troubles and friendship at a boys’ boarding school after a girl-disguising-a-boy joins. Ashiya Mizuki has just come back to Japan from California where she was raised. She fell in love with Sano Izumi, a hopeful high jump hero, who has quit after an accident. As she wants him to go back to the sport once again, she enters the same high school as a boy! With a short hair, flattened chest and lowered voice, she starts sharing the same room with Sano.')
Duplicate entry 'Hanazakari no Kimitachi e (Engsub 12/12)' for key 'title'
************************************************

************************************************
insert into crawler_video (crawler_video_id,title,category,country,image_url,video_link,description) values ('NULL','Hana Yori Dango I + II (Engsub )','Phim Bộ','Nhật Bản','http://site4image.com/out.php/i11265_HanaYoriDangoposter.jpg','http://www.hopphim.com/phim-bo/nhat-ban/hana-yori-dango-','This second season of Hana Yori Dango picks up right after Domyoji leaves for New York. After confessing to Domyoji, Makino has not spoken to him for a year. Rui and the other members of F4 try and help Makino meet Domyoji again by going to New York for the christmas holidays. Though F4 and Makino meet Domyoji again, he has become a completely different person, and so they leave for Japan.\r\n\r\nSome time later, Domyoji’s mother annouces that they will be returning to Japan. There, they hold a giant super-rich and classy birthday party for Domyoji and announce something very important. Domyoji, like in the first season, is engaged to a rich girl and heir. The only difference is that they are to be wed soon. What will Makino do?\r\nOn the side, Rui begins to fall in love with Makino… will this become a love… square?')
Duplicate entry 'Hana Yori Dango I + II (Engsub )' for key 'title'
************************************************

************************************************
insert into crawler_video (crawler_video_id,title,category,country,image_url,video_link,description) values ('NULL','Hammer Session! (Engsub 10/10)','Phim Bộ','Nhật Bản','http://site4image.com/out.php/i11264_36c613bac13ed8746151f105788e4d4a1278147291full.jpg','http://www.hopphim.com/phim-bo/nhat-ban/hammer-session-','&nbsp;Two prisoners managed to escape after the police truck carrying them crashed. One of them ,is a gangster. The other called “Otowa YonKo” – our protagonist – is a con artist whose cheats money from criminals or terrorists. Accidentally, “Otowa Yonko” then becomes the new teacher for the nearby high school, under the new name “Hachisuka Goro”, and according to a deal of “Hammer Session” with the headmaster.')
Duplicate entry 'Hammer Session! (Engsub 10/10)' for key 'title'
************************************************

************************************************
insert into crawler_video (crawler_video_id,title,category,country,image_url,video_link,description) values ('NULL','Hagetaka: Road to Rebirth (Engsub 06/06)','Phim Bộ','Nhật Bản','http://site4image.com/out.php/i11263_hag.jpg','http://www.hopphim.com/phim-bo/nhat-ban/hagetaka-road-to-rebirth-','Hagetaka: Road to Rebirth A business drama set in the late 1990s and early 2000s, when the bubble economy had collapsed and Japanese businesses with conventional management cultures were exposed to corporate buyouts by foreign investors. Masahiko Washizu, the leading character, is a businessman who once worked for a Japanese bank. He comes back to Tokyo as a New York-trained fund manger to buy out Japanese businesses. Through eight years for the man called “vulture,” the drama depicts ambitions, struggles and hopes of those who are involved in corporate acquisitions..')
Duplicate entry 'Hagetaka: Road to Rebirth (Engsub 06/06)' for key 'title'
************************************************

************************************************
insert into crawler_video (crawler_video_id,title,category,country,image_url,video_link,description) values ('NULL','Hachi-One Diver (Engsub 11/11)','Phim Bộ','Nhật Bản','http://site4image.com/out.php/i11262_16a7ee66.jpg','http://www.hopphim.com/phim-bo/nhat-ban/hachi-one-diver-','Hachi-One Diver Sugata Kentaro used to be one of the most hopeful trainee to be a professional Shogi (Japanese chess) player, but fails at the final test. Now he has become a “Shinkenshi,” a gambler who plays Shogi for money, and boasts his 182 wins in a row. But he is devastated when he is beaten completely by a young woman known as “Ukeshi” who takes any challenges and never loses. As Shogi means everything to him, he decides to train himself harder to become the strongest player. Based on a popular comic, this comedy drama is about a young man’s exciting journey to reorganize his life through a series of tough challenges in Shogi guided by a mysterious girl. –Fuji Creative')
Duplicate entry 'Hachi-One Diver (Engsub 11/11)' for key 'title'
************************************************

************************************************
insert into crawler_video (crawler_video_id,title,category,country,image_url,video_link,description) values ('NULL','Nợ Đa Tình (28/30)','Phim Bộ','Việt Nam','http://site4image.com/out.php/i11020_no1.jpg','http://www.hopphim.com/phim-bo/viet-nam/no-da-tinh','“Nợ đa tình” là những câu chuyện xung quanh hai người đàn ông đa tình, tham lam \r\ntrong tình yêu và phải nhận một kết cục buồn thảm. Hùng Phương (Hoài Linh) có \r\nhai người vợ, hai gia đình trong cùng một thành phố. Ngoài Hùng Phương, hai gia \r\nđình này không hề biết sự tồn tại của nhau. Đây là lần đầu tiên Hoài Linh được \r\nvào một vai… đào hoa đến thế. Trong mắt hai người vợ của mình, anh là người đàn \r\nông chung thủy, chu đáo.')
Duplicate entry 'Nợ Đa Tình (28/30)' for key 'title'
************************************************

************************************************
insert into crawler_video (crawler_video_id,title,category,country,image_url,video_link,description) values ('NULL','Vùng Đất Không Yên Tĩnh (22/40)','Phim Bộ','Việt Nam','http://site4image.com/out.php/i10939_vdkyt.jpg','http://www.hopphim.com/phim-bo/viet-nam/vung-dat-khong-yen-tinh','Bộ phim xoay quanh cuộc sống yên bình của người dân 2 bên bờ sông Huỳnh thuộc \r\nvùng châu thổ Khánh Ninh.')
Duplicate entry 'Vùng Đất Không Yên Tĩnh (22/40)' for key 'title'
************************************************

************************************************
insert into crawler_video (crawler_video_id,title,category,country,image_url,video_link,description) values ('NULL','Vũ Khí Sắc Đẹp (01/30)','Phim Bộ','Việt Nam','http://site4image.com/out.php/i11272_97258851061265306667.jpg','http://www.hopphim.com/phim-bo/viet-nam/vu-khi-sac-dep','Chuyện phim được bắt đầu vào một đêm mưa gió, cô bé Quỳnh Lan 15 tuổi bị \r\nngười cha dượng sàm sỡ nên phải bỏ chạy khỏi nhà trong đêm tối. 5 năm sau, Quỳnh \r\nLan đang bán hàng cho một cửa hàng hoa thì gặp ông Đại, ông hứa giúp cô một công \r\nviệc tốt hơn. Trải qua một thời gian dài phấn đấu, cô trở thành trưởng phòng \r\nMarketing của công ty Đại Phát, chuyên xây dựng và môi giới nhà đất do ông Đại \r\nlàm giám đốc.')
Duplicate entry 'Vũ Khí Sắc Đẹp (01/30)' for key 'title'
************************************************

************************************************
insert into crawler_video (crawler_video_id,title,category,country,image_url,video_link,description) values ('NULL','Nữ Quyền Bảo Chi Lâm - Grace Under Fire (Uslt 04 /32 +  Tm DVD 06/06 + Eng sub 32/32 - 2011)','Phim Bộ','Hong Kong','http://site4image.com/out.php/i11010_graceunderfire.jpg','http://www.hopphim.com/phim-bo/hong-kong/grace-under-fire','Grace Under Fire is a 2011 Hong Kong martial arts television drama. It premiered \r\non on 7 March 2011 on Hong Kong\'s TVB Jade and TVB HD Jade channels, and is \r\nslated to run for 32 episodes. Produced by Marco Law, Grace Under Fire is a \r\nTelevision Broadcasts Limited (TVB) production. It takes place in the early \r\n1920s in Foshan and Guangzhou during the Republic of China era, and follows a \r\nfictional account of Mok Kwai-lan (portrayed by Liu Xuan), the last wife of \r\nChinese martial arts folk hero Wong Fei-hung')
Duplicate entry 'Nữ Quyền Bảo Chi Lâm - Grace Under Fire (Uslt 04 /32 +  T' for key 'title'
************************************************

************************************************
insert into crawler_video (crawler_video_id,title,category,country,image_url,video_link,description) values ('NULL','All My Love (Vsub 100/100)','Phim Bộ','Hàn Quốc','http://site4image.com/out.php/i10518_9791296678988.jpg','http://www.hopphim.com/phim-bo/han-quoc/all-my-love','')
Duplicate entry 'All My Love (Vsub 100/100)' for key 'title'
************************************************

************************************************
insert into crawler_video (crawler_video_id,title,category,country,image_url,video_link,description) values ('NULL','Tình Xưa Nghĩa Cũ - Wife Returns - Anaega Dolawatda (Uslt 116/116)','Phim Bộ','Hàn Quốc','http://site4image.com/out.php/i10955_tinhxuanghiacu.jpg','http://www.hopphim.com/phim-bo/han-quoc/tinh-xua-nghia-cu-wife-returns','Jung Yoo Hee married the love of her \r\nlife, Yoon Sang Woo. However, his mother despised Yoo Hee and forced her to \r\nleave Sang Woo and their young daughter. Years later, Yoo Hee returns and meets \r\nher daughter. However, Sang Woo’s new wife, Seo Hyun, is not willing to be \r\npushed aside. Yoo Hee disappears without a trace. Her younger sister, Yoo Kyung, \r\nwho was adopted abroad is determined to find out what happened to her sister. \r\nShe keeps up false pretenses and pretends to be Yoo Hee.\r\n&nbsp;')
Duplicate entry 'Tình Xưa Nghĩa Cũ - Wife Returns - Anaega Dolawatda (Uslt 11' for key 'title'
************************************************

************************************************
insert into crawler_video (crawler_video_id,title,category,country,image_url,video_link,description) values ('NULL','Vùng Đất Không Yên Tĩnh (22/40)','Phim Bộ','Việt Nam','http://site4image.com/out.php/i10939_vdkyt.jpg','http://www.hopphim.com/phim-bo/viet-nam/vung-dat-khong-yen-tinh','Bộ phim xoay quanh cuộc sống yên bình của người dân 2 bên bờ sông Huỳnh thuộc \r\nvùng châu thổ Khánh Ninh.')
Duplicate entry 'Vùng Đất Không Yên Tĩnh (22/40)' for key 'title'
************************************************

************************************************
insert into crawler_video (crawler_video_id,title,category,country,image_url,video_link,description) values ('NULL','Vũ Khí Sắc Đẹp (01/30)','Phim Bộ','Việt Nam','http://site4image.com/out.php/i11272_97258851061265306667.jpg','http://www.hopphim.com/phim-bo/viet-nam/vu-khi-sac-dep','Chuyện phim được bắt đầu vào một đêm mưa gió, cô bé Quỳnh Lan 15 tuổi bị \r\nngười cha dượng sàm sỡ nên phải bỏ chạy khỏi nhà trong đêm tối. 5 năm sau, Quỳnh \r\nLan đang bán hàng cho một cửa hàng hoa thì gặp ông Đại, ông hứa giúp cô một công \r\nviệc tốt hơn. Trải qua một thời gian dài phấn đấu, cô trở thành trưởng phòng \r\nMarketing của công ty Đại Phát, chuyên xây dựng và môi giới nhà đất do ông Đại \r\nlàm giám đốc.')
Duplicate entry 'Vũ Khí Sắc Đẹp (01/30)' for key 'title'
************************************************

************************************************
insert into crawler_video (crawler_video_id,title,category,country,image_url,video_link,description) values ('NULL','Nữ Quyền Bảo Chi Lâm - Grace Under Fire (Uslt 04 /32 +  Tm DVD 06/06 + Eng sub 32/32 - 2011)','Phim Bộ','Hong Kong','http://site4image.com/out.php/i11010_graceunderfire.jpg','http://www.hopphim.com/phim-bo/hong-kong/grace-under-fire','Grace Under Fire is a 2011 Hong Kong martial arts television drama. It premiered \r\non on 7 March 2011 on Hong Kong\'s TVB Jade and TVB HD Jade channels, and is \r\nslated to run for 32 episodes. Produced by Marco Law, Grace Under Fire is a \r\nTelevision Broadcasts Limited (TVB) production. It takes place in the early \r\n1920s in Foshan and Guangzhou during the Republic of China era, and follows a \r\nfictional account of Mok Kwai-lan (portrayed by Liu Xuan), the last wife of \r\nChinese martial arts folk hero Wong Fei-hung')
Duplicate entry 'Nữ Quyền Bảo Chi Lâm - Grace Under Fire (Uslt 04 /32 +  T' for key 'title'
************************************************

************************************************
insert into crawler_video (crawler_video_id,title,category,country,image_url,video_link,description) values ('NULL','Vùng Đất Không Yên Tĩnh (22/40)','Phim Bộ','Việt Nam','http://site4image.com/out.php/i10939_vdkyt.jpg','http://www.hopphim.com/phim-bo/viet-nam/vung-dat-khong-yen-tinh','Bộ phim xoay quanh cuộc sống yên bình của người dân 2 bên bờ sông Huỳnh thuộc \r\nvùng châu thổ Khánh Ninh.')
Duplicate entry 'Vùng Đất Không Yên Tĩnh (22/40)' for key 'title'
************************************************

************************************************
insert into crawler_video (crawler_video_id,title,category,country,image_url,video_link,description) values ('NULL','Vũ Khí Sắc Đẹp (01/30)','Phim Bộ','Việt Nam','http://site4image.com/out.php/i11272_97258851061265306667.jpg','http://www.hopphim.com/phim-bo/viet-nam/vu-khi-sac-dep','Chuyện phim được bắt đầu vào một đêm mưa gió, cô bé Quỳnh Lan 15 tuổi bị \r\nngười cha dượng sàm sỡ nên phải bỏ chạy khỏi nhà trong đêm tối. 5 năm sau, Quỳnh \r\nLan đang bán hàng cho một cửa hàng hoa thì gặp ông Đại, ông hứa giúp cô một công \r\nviệc tốt hơn. Trải qua một thời gian dài phấn đấu, cô trở thành trưởng phòng \r\nMarketing của công ty Đại Phát, chuyên xây dựng và môi giới nhà đất do ông Đại \r\nlàm giám đốc.')
Duplicate entry 'Vũ Khí Sắc Đẹp (01/30)' for key 'title'
************************************************

************************************************
insert into crawler_video (crawler_video_id,title,category,country,image_url,video_link,description) values ('NULL','Vùng Đất Không Yên Tĩnh (22/40)','Phim Bộ','Việt Nam','http://site4image.com/out.php/i10939_vdkyt.jpg','http://www.hopphim.com/phim-bo/viet-nam/vung-dat-khong-yen-tinh','Bộ phim xoay quanh cuộc sống yên bình của người dân 2 bên bờ sông Huỳnh thuộc \r\nvùng châu thổ Khánh Ninh.')
Duplicate entry 'Vùng Đất Không Yên Tĩnh (22/40)' for key 'title'
************************************************

************************************************
insert into crawler_video (crawler_video_id,title,category,country,image_url,video_link,description) values ('NULL','Vũ Khí Sắc Đẹp (01/30)','Phim Bộ','Việt Nam','http://site4image.com/out.php/i11272_97258851061265306667.jpg','http://www.hopphim.com/phim-bo/viet-nam/vu-khi-sac-dep','Chuyện phim được bắt đầu vào một đêm mưa gió, cô bé Quỳnh Lan 15 tuổi bị \r\nngười cha dượng sàm sỡ nên phải bỏ chạy khỏi nhà trong đêm tối. 5 năm sau, Quỳnh \r\nLan đang bán hàng cho một cửa hàng hoa thì gặp ông Đại, ông hứa giúp cô một công \r\nviệc tốt hơn. Trải qua một thời gian dài phấn đấu, cô trở thành trưởng phòng \r\nMarketing của công ty Đại Phát, chuyên xây dựng và môi giới nhà đất do ông Đại \r\nlàm giám đốc.')
Duplicate entry 'Vũ Khí Sắc Đẹp (01/30)' for key 'title'
************************************************

************************************************
insert into crawler_video (crawler_video_id,title,category,country,image_url,video_link,description) values ('NULL','Nữ Quyền Bảo Chi Lâm - Grace Under Fire (Uslt 04 /32 +  Tm DVD 06/06 + Eng sub 32/32 - 2011)','Phim Bộ','Hong Kong','http://site4image.com/out.php/i11010_graceunderfire.jpg','http://www.hopphim.com/phim-bo/hong-kong/grace-under-fire','Grace Under Fire is a 2011 Hong Kong martial arts television drama. It premiered \r\non on 7 March 2011 on Hong Kong\'s TVB Jade and TVB HD Jade channels, and is \r\nslated to run for 32 episodes. Produced by Marco Law, Grace Under Fire is a \r\nTelevision Broadcasts Limited (TVB) production. It takes place in the early \r\n1920s in Foshan and Guangzhou during the Republic of China era, and follows a \r\nfictional account of Mok Kwai-lan (portrayed by Liu Xuan), the last wife of \r\nChinese martial arts folk hero Wong Fei-hung')
Duplicate entry 'Nữ Quyền Bảo Chi Lâm - Grace Under Fire (Uslt 04 /32 +  T' for key 'title'
************************************************

************************************************
insert into crawler_video (crawler_video_id,title,category,country,image_url,video_link,description) values ('NULL','Vùng Đất Không Yên Tĩnh (22/40)','Phim Bộ','Việt Nam','http://site4image.com/out.php/i10939_vdkyt.jpg','http://www.hopphim.com/phim-bo/viet-nam/vung-dat-khong-yen-tinh','Bộ phim xoay quanh cuộc sống yên bình của người dân 2 bên bờ sông Huỳnh thuộc \r\nvùng châu thổ Khánh Ninh.')
Duplicate entry 'Vùng Đất Không Yên Tĩnh (22/40)' for key 'title'
************************************************

************************************************
insert into crawler_video (crawler_video_id,title,category,country,image_url,video_link,description) values ('NULL','Vũ Khí Sắc Đẹp (01/30)','Phim Bộ','Việt Nam','http://site4image.com/out.php/i11272_97258851061265306667.jpg','http://www.hopphim.com/phim-bo/viet-nam/vu-khi-sac-dep','Chuyện phim được bắt đầu vào một đêm mưa gió, cô bé Quỳnh Lan 15 tuổi bị \r\nngười cha dượng sàm sỡ nên phải bỏ chạy khỏi nhà trong đêm tối. 5 năm sau, Quỳnh \r\nLan đang bán hàng cho một cửa hàng hoa thì gặp ông Đại, ông hứa giúp cô một công \r\nviệc tốt hơn. Trải qua một thời gian dài phấn đấu, cô trở thành trưởng phòng \r\nMarketing của công ty Đại Phát, chuyên xây dựng và môi giới nhà đất do ông Đại \r\nlàm giám đốc.')
Duplicate entry 'Vũ Khí Sắc Đẹp (01/30)' for key 'title'
************************************************

************************************************
insert into crawler_video (crawler_video_id,title,category,country,image_url,video_link,description) values ('NULL','Vùng Đất Không Yên Tĩnh (22/40)','Phim Bộ','Việt Nam','http://site4image.com/out.php/i10939_vdkyt.jpg','http://www.hopphim.com/phim-bo/viet-nam/vung-dat-khong-yen-tinh','Bộ phim xoay quanh cuộc sống yên bình của người dân 2 bên bờ sông Huỳnh thuộc \r\nvùng châu thổ Khánh Ninh.')
Duplicate entry 'Vùng Đất Không Yên Tĩnh (22/40)' for key 'title'
************************************************

************************************************
insert into crawler_video (crawler_video_id,title,category,country,image_url,video_link,description) values ('NULL','Vũ Khí Sắc Đẹp (01/30)','Phim Bộ','Việt Nam','http://site4image.com/out.php/i11272_97258851061265306667.jpg','http://www.hopphim.com/phim-bo/viet-nam/vu-khi-sac-dep','Chuyện phim được bắt đầu vào một đêm mưa gió, cô bé Quỳnh Lan 15 tuổi bị \r\nngười cha dượng sàm sỡ nên phải bỏ chạy khỏi nhà trong đêm tối. 5 năm sau, Quỳnh \r\nLan đang bán hàng cho một cửa hàng hoa thì gặp ông Đại, ông hứa giúp cô một công \r\nviệc tốt hơn. Trải qua một thời gian dài phấn đấu, cô trở thành trưởng phòng \r\nMarketing của công ty Đại Phát, chuyên xây dựng và môi giới nhà đất do ông Đại \r\nlàm giám đốc.')
Duplicate entry 'Vũ Khí Sắc Đẹp (01/30)' for key 'title'
************************************************

************************************************
insert into crawler_video (crawler_video_id,title,category,country,image_url,video_link,description) values ('NULL','Vùng Đất Không Yên Tĩnh (22/40)','Phim Bộ','Việt Nam','http://site4image.com/out.php/i10939_vdkyt.jpg','http://www.hopphim.com/phim-bo/viet-nam/vung-dat-khong-yen-tinh','Bộ phim xoay quanh cuộc sống yên bình của người dân 2 bên bờ sông Huỳnh thuộc \r\nvùng châu thổ Khánh Ninh.')
Duplicate entry 'Vùng Đất Không Yên Tĩnh (22/40)' for key 'title'
************************************************

************************************************
insert into crawler_video (crawler_video_id,title,category,country,image_url,video_link,description) values ('NULL','Vũ Khí Sắc Đẹp (01/30)','Phim Bộ','Việt Nam','http://site4image.com/out.php/i11272_97258851061265306667.jpg','http://www.hopphim.com/phim-bo/viet-nam/vu-khi-sac-dep','Chuyện phim được bắt đầu vào một đêm mưa gió, cô bé Quỳnh Lan 15 tuổi bị \r\nngười cha dượng sàm sỡ nên phải bỏ chạy khỏi nhà trong đêm tối. 5 năm sau, Quỳnh \r\nLan đang bán hàng cho một cửa hàng hoa thì gặp ông Đại, ông hứa giúp cô một công \r\nviệc tốt hơn. Trải qua một thời gian dài phấn đấu, cô trở thành trưởng phòng \r\nMarketing của công ty Đại Phát, chuyên xây dựng và môi giới nhà đất do ông Đại \r\nlàm giám đốc.')
Duplicate entry 'Vũ Khí Sắc Đẹp (01/30)' for key 'title'
************************************************

************************************************
insert into crawler_video (crawler_video_id,title,category,country,image_url,video_link,description) values ('NULL','Nữ Quyền Bảo Chi Lâm - Grace Under Fire (Uslt 04 /32 +  Tm DVD 06/06 + Eng sub 32/32 - 2011)','Phim Bộ','Hong Kong','http://site4image.com/out.php/i11010_graceunderfire.jpg','http://www.hopphim.com/phim-bo/hong-kong/grace-under-fire','Grace Under Fire is a 2011 Hong Kong martial arts television drama. It premiered \r\non on 7 March 2011 on Hong Kong\'s TVB Jade and TVB HD Jade channels, and is \r\nslated to run for 32 episodes. Produced by Marco Law, Grace Under Fire is a \r\nTelevision Broadcasts Limited (TVB) production. It takes place in the early \r\n1920s in Foshan and Guangzhou during the Republic of China era, and follows a \r\nfictional account of Mok Kwai-lan (portrayed by Liu Xuan), the last wife of \r\nChinese martial arts folk hero Wong Fei-hung')
Duplicate entry 'Nữ Quyền Bảo Chi Lâm - Grace Under Fire (Uslt 04 /32 +  T' for key 'title'
************************************************

************************************************
insert into crawler_video (crawler_video_id,title,category,country,image_url,video_link,description) values ('NULL','Vùng Đất Không Yên Tĩnh (22/40)','Phim Bộ','Việt Nam','http://site4image.com/out.php/i10939_vdkyt.jpg','http://www.hopphim.com/phim-bo/viet-nam/vung-dat-khong-yen-tinh','Bộ phim xoay quanh cuộc sống yên bình của người dân 2 bên bờ sông Huỳnh thuộc \r\nvùng châu thổ Khánh Ninh.')
Duplicate entry 'Vùng Đất Không Yên Tĩnh (22/40)' for key 'title'
************************************************

************************************************
insert into crawler_video (crawler_video_id,title,category,country,image_url,video_link,description) values ('NULL','Vũ Khí Sắc Đẹp (01/30)','Phim Bộ','Việt Nam','http://site4image.com/out.php/i11272_97258851061265306667.jpg','http://www.hopphim.com/phim-bo/viet-nam/vu-khi-sac-dep','Chuyện phim được bắt đầu vào một đêm mưa gió, cô bé Quỳnh Lan 15 tuổi bị \r\nngười cha dượng sàm sỡ nên phải bỏ chạy khỏi nhà trong đêm tối. 5 năm sau, Quỳnh \r\nLan đang bán hàng cho một cửa hàng hoa thì gặp ông Đại, ông hứa giúp cô một công \r\nviệc tốt hơn. Trải qua một thời gian dài phấn đấu, cô trở thành trưởng phòng \r\nMarketing của công ty Đại Phát, chuyên xây dựng và môi giới nhà đất do ông Đại \r\nlàm giám đốc.')
Duplicate entry 'Vũ Khí Sắc Đẹp (01/30)' for key 'title'
************************************************

************************************************
insert into crawler_video (crawler_video_id,title,category,country,image_url,video_link,description) values ('NULL','Nữ Quyền Bảo Chi Lâm - Grace Under Fire (Uslt 04 /32 +  Tm DVD 06/06 + Eng sub 32/32 - 2011)','Phim Bộ','Hong Kong','http://site4image.com/out.php/i11010_graceunderfire.jpg','http://www.hopphim.com/phim-bo/hong-kong/grace-under-fire','Grace Under Fire is a 2011 Hong Kong martial arts television drama. It premiered \r\non on 7 March 2011 on Hong Kong\'s TVB Jade and TVB HD Jade channels, and is \r\nslated to run for 32 episodes. Produced by Marco Law, Grace Under Fire is a \r\nTelevision Broadcasts Limited (TVB) production. It takes place in the early \r\n1920s in Foshan and Guangzhou during the Republic of China era, and follows a \r\nfictional account of Mok Kwai-lan (portrayed by Liu Xuan), the last wife of \r\nChinese martial arts folk hero Wong Fei-hung')
Duplicate entry 'Nữ Quyền Bảo Chi Lâm - Grace Under Fire (Uslt 04 /32 +  T' for key 'title'
************************************************

************************************************
insert into crawler_video (crawler_video_id,title,category,country,image_url,video_link,description) values ('NULL','Vùng Đất Không Yên Tĩnh (22/40)','Phim Bộ','Việt Nam','http://site4image.com/out.php/i10939_vdkyt.jpg','http://www.hopphim.com/phim-bo/viet-nam/vung-dat-khong-yen-tinh','Bộ phim xoay quanh cuộc sống yên bình của người dân 2 bên bờ sông Huỳnh thuộc \r\nvùng châu thổ Khánh Ninh.')
Duplicate entry 'Vùng Đất Không Yên Tĩnh (22/40)' for key 'title'
************************************************

************************************************
insert into crawler_video (crawler_video_id,title,category,country,image_url,video_link,description) values ('NULL','Vũ Khí Sắc Đẹp (01/30)','Phim Bộ','Việt Nam','http://site4image.com/out.php/i11272_97258851061265306667.jpg','http://www.hopphim.com/phim-bo/viet-nam/vu-khi-sac-dep','Chuyện phim được bắt đầu vào một đêm mưa gió, cô bé Quỳnh Lan 15 tuổi bị \r\nngười cha dượng sàm sỡ nên phải bỏ chạy khỏi nhà trong đêm tối. 5 năm sau, Quỳnh \r\nLan đang bán hàng cho một cửa hàng hoa thì gặp ông Đại, ông hứa giúp cô một công \r\nviệc tốt hơn. Trải qua một thời gian dài phấn đấu, cô trở thành trưởng phòng \r\nMarketing của công ty Đại Phát, chuyên xây dựng và môi giới nhà đất do ông Đại \r\nlàm giám đốc.')
Duplicate entry 'Vũ Khí Sắc Đẹp (01/30)' for key 'title'
************************************************

************************************************
insert into crawler_video (crawler_video_id,title,category,country,image_url,video_link,description) values ('NULL','Nữ Quyền Bảo Chi Lâm - Grace Under Fire (Uslt 04 /32 +  Tm DVD 06/06 + Eng sub 32/32 - 2011)','Phim Bộ','Hong Kong','http://site4image.com/out.php/i11010_graceunderfire.jpg','http://www.hopphim.com/phim-bo/hong-kong/grace-under-fire','Grace Under Fire is a 2011 Hong Kong martial arts television drama. It premiered \r\non on 7 March 2011 on Hong Kong\'s TVB Jade and TVB HD Jade channels, and is \r\nslated to run for 32 episodes. Produced by Marco Law, Grace Under Fire is a \r\nTelevision Broadcasts Limited (TVB) production. It takes place in the early \r\n1920s in Foshan and Guangzhou during the Republic of China era, and follows a \r\nfictional account of Mok Kwai-lan (portrayed by Liu Xuan), the last wife of \r\nChinese martial arts folk hero Wong Fei-hung')
Duplicate entry 'Nữ Quyền Bảo Chi Lâm - Grace Under Fire (Uslt 04 /32 +  T' for key 'title'
************************************************

************************************************
insert into crawler_video (crawler_video_id,title,category,country,image_url,video_link,description) values ('NULL','All My Love (Vsub 100/100)','Phim Bộ','Hàn Quốc','http://site4image.com/out.php/i10518_9791296678988.jpg','http://www.hopphim.com/phim-bo/han-quoc/all-my-love','')
Duplicate entry 'All My Love (Vsub 100/100)' for key 'title'
************************************************

************************************************
insert into crawler_video (crawler_video_id,title,category,country,image_url,video_link,description) values ('NULL','Vùng Đất Không Yên Tĩnh (22/40)','Phim Bộ','Việt Nam','http://site4image.com/out.php/i10939_vdkyt.jpg','http://www.hopphim.com/phim-bo/viet-nam/vung-dat-khong-yen-tinh','Bộ phim xoay quanh cuộc sống yên bình của người dân 2 bên bờ sông Huỳnh thuộc \r\nvùng châu thổ Khánh Ninh.')
Duplicate entry 'Vùng Đất Không Yên Tĩnh (22/40)' for key 'title'
************************************************

************************************************
insert into crawler_video (crawler_video_id,title,category,country,image_url,video_link,description) values ('NULL','Vũ Khí Sắc Đẹp (01/30)','Phim Bộ','Việt Nam','http://site4image.com/out.php/i11272_97258851061265306667.jpg','http://www.hopphim.com/phim-bo/viet-nam/vu-khi-sac-dep','Chuyện phim được bắt đầu vào một đêm mưa gió, cô bé Quỳnh Lan 15 tuổi bị \r\nngười cha dượng sàm sỡ nên phải bỏ chạy khỏi nhà trong đêm tối. 5 năm sau, Quỳnh \r\nLan đang bán hàng cho một cửa hàng hoa thì gặp ông Đại, ông hứa giúp cô một công \r\nviệc tốt hơn. Trải qua một thời gian dài phấn đấu, cô trở thành trưởng phòng \r\nMarketing của công ty Đại Phát, chuyên xây dựng và môi giới nhà đất do ông Đại \r\nlàm giám đốc.')
Duplicate entry 'Vũ Khí Sắc Đẹp (01/30)' for key 'title'
************************************************

************************************************
insert into crawler_video (crawler_video_id,title,category,country,image_url,video_link,description) values ('NULL','Nữ Quyền Bảo Chi Lâm - Grace Under Fire (Uslt 04 /32 +  Tm DVD 06/06 + Eng sub 32/32 - 2011)','Phim Bộ','Hong Kong','http://site4image.com/out.php/i11010_graceunderfire.jpg','http://www.hopphim.com/phim-bo/hong-kong/grace-under-fire','Grace Under Fire is a 2011 Hong Kong martial arts television drama. It premiered \r\non on 7 March 2011 on Hong Kong\'s TVB Jade and TVB HD Jade channels, and is \r\nslated to run for 32 episodes. Produced by Marco Law, Grace Under Fire is a \r\nTelevision Broadcasts Limited (TVB) production. It takes place in the early \r\n1920s in Foshan and Guangzhou during the Republic of China era, and follows a \r\nfictional account of Mok Kwai-lan (portrayed by Liu Xuan), the last wife of \r\nChinese martial arts folk hero Wong Fei-hung')
Duplicate entry 'Nữ Quyền Bảo Chi Lâm - Grace Under Fire (Uslt 04 /32 +  T' for key 'title'
************************************************

************************************************
insert into users (sessionid,userid,timestamp,ip) values ('8b3525e6fedc3be1c31a1882aec1498a','1','','127.0.0.1')
Unknown column 'sessionid' in 'field list'
************************************************

************************************************
SELECT * FROM users WHERE sessionId='8b3525e6fedc3be1c31a1882aec1498a'
Unknown column 'sessionId' in 'where clause'
************************************************

************************************************
insert into users (sessionid,userid,timestamp,ip) values ('8b3525e6fedc3be1c31a1882aec1498a','1','','127.0.0.1')
Unknown column 'sessionid' in 'field list'
************************************************

************************************************
SELECT * FROM users WHERE sessionId='8b3525e6fedc3be1c31a1882aec1498a'
Unknown column 'sessionId' in 'where clause'
************************************************

************************************************
update sessions set t='n' where sessionid=''
Unknown column 't' in 'field list'
************************************************

************************************************
update sessions set t='n' where sessionid=''
Unknown column 't' in 'field list'
************************************************

************************************************
update sessions set t='n' where sessionid=''
Unknown column 't' in 'field list'
************************************************

************************************************
update sessions set t='n' where sessionid=''
Unknown column 't' in 'field list'
************************************************

************************************************
update sessions set t='n' where sessionid=''
Unknown column 't' in 'field list'
************************************************

************************************************
update sessions set t='n' where sessionid=''
Unknown column 't' in 'field list'
************************************************

************************************************
update sessions set t='n' where sessionid=''
Unknown column 't' in 'field list'
************************************************

************************************************
update sessions set t='n' where sessionid=''
Unknown column 't' in 'field list'
************************************************

************************************************
update sessions set t='n' where sessionid=''
Unknown column 't' in 'field list'
************************************************

************************************************
update sessions set t='n' where sessionid=''
Unknown column 't' in 'field list'
************************************************

************************************************
update sessions set t='n' where sessionid=''
Unknown column 't' in 'field list'
************************************************

************************************************
update sessions set t='n' where sessionid='8b3525e6fedc3be1c31a1882aec1498a'
Unknown column 't' in 'field list'
************************************************

************************************************
delete from sessions where sessionid = 8b3525e6fedc3be1c31a1882aec1498a
Unknown column '8b3525e6fedc3be1c31a1882aec1498a' in 'where clause'
************************************************

************************************************
delete from sessions where sessionid = 8b3525e6fedc3be1c31a1882aec1498a
Unknown column '8b3525e6fedc3be1c31a1882aec1498a' in 'where clause'
************************************************

************************************************
delete from sessions where sessionid = 8b3525e6fedc3be1c31a1882aec1498a
Unknown column '8b3525e6fedc3be1c31a1882aec1498a' in 'where clause'
************************************************

